2024-01-25 19:11:49 [ERR] user.go:114 | Error 1049 (42000): Unknown database 'xxx'
2024-01-25 19:12:16 [ERR] user.go:114 | Error 1045 (28000): Access denied for user 'root'@'localhost' (using password: YES)
2024-01-25 19:14:33 [ERR] user.go:114 | Error 1045 (28000): Access denied for user 'root'@'localhost' (using password: YES)
2024-01-25 19:14:42 [ERR] user.go:114 | Error 1049 (42000): Unknown database '12121212'
2024-01-25 19:16:25 [ERR] user.go:114 | Error 1049 (42000): Unknown database '12121212'
2024-01-25 19:18:58 [ERR] user.go:114 | Error 1049 (42000): Unknown database 'userinfos'
2024-01-25 19:19:02 [ERR] user.go:114 | Error 1049 (42000): Unknown database 'userinfos'
2024-01-25 19:19:05 [ERR] user.go:114 | Error 1049 (42000): Unknown database 'userinfos'
2024-01-25 19:19:37 [ERR] user.go:114 | Error 1045 (28000): Access denied for user 'root'@'localhost' (using password: YES)
2024-01-25 19:19:45 [ERR] user.go:114 | Error 1045 (28000): Access denied for user 'root'@'localhost' (using password: YES)
2024-01-25 19:19:57 [ERR] user.go:114 | Error 1045 (28000): Access denied for user 'root'@'localhost' (using password: YES)
2024-01-25 19:20:02 [ERR] user.go:114 | Error 1049 (42000): Unknown database '123'
2024-01-25 19:33:25 [ERR] user.go:114 | Error 1049 (42000): Unknown database 'userinfos'
2024-01-29 13:54:04 [ERR] user.go:114 | Error 1045 (28000): Access denied for user 'root'@'localhost' (using password: YES)
2024-01-29 15:07:02 [ERR] user.go:114 | Error 1049 (42000): Unknown database 'ss'
2024-01-29 15:07:04 [ERR] user.go:114 | Error 1049 (42000): Unknown database 'ss'
2024-01-29 15:23:53 [ERR] user.go:114 | Error 1045 (28000): Access denied for user 'root'@'localhost' (using password: YES)
2024-01-29 15:39:20 [ERR] user.go:114 | Error 1049 (42000): Unknown database 'useri'
2024-02-28 15:32:03 [ERR] user.go:101 | ParseJwtHandler token is expired by 34m40s
2024-02-28 15:32:20 [ERR] user.go:101 | ParseJwtHandler token is expired by 34m57s
2024-02-28 15:33:11 [ERR] user.go:101 | ParseJwtHandler token is expired by 35m48s
2024-02-28 15:33:11 [ERR] user.go:101 | ParseJwtHandler token is expired by 35m48s
2024-02-28 15:33:12 [ERR] user.go:101 | ParseJwtHandler token is expired by 35m49s
2024-02-28 15:33:13 [ERR] user.go:101 | ParseJwtHandler token is expired by 35m50s
2024-02-28 15:33:14 [ERR] user.go:101 | ParseJwtHandler token is expired by 35m51s
2024-02-28 15:34:13 [ERR] user.go:101 | ParseJwtHandler token is expired by 36m50s
2024-02-28 15:35:35 [ERR] user.go:101 | ParseJwtHandler token is expired by 38m12s
2024-02-28 15:37:25 [ERR] user.go:101 | ParseJwtHandler token is expired by 40m2s
2024-02-28 15:37:25 [ERR] user.go:101 | ParseJwtHandler token is expired by 40m2s
2024-02-28 15:37:26 [ERR] user.go:101 | ParseJwtHandler token is expired by 40m3s
2024-02-28 15:37:26 [ERR] user.go:101 | ParseJwtHandler token is expired by 40m3s
2024-02-28 15:37:27 [ERR] user.go:101 | ParseJwtHandler token is expired by 40m4s
2024-02-28 15:37:28 [ERR] user.go:101 | ParseJwtHandler token is expired by 40m5s
2024-02-28 15:37:32 [ERR] user.go:101 | ParseJwtHandler token is expired by 40m9s
2024-02-28 15:37:33 [ERR] user.go:101 | ParseJwtHandler token is expired by 40m10s
2024-02-28 15:37:33 [ERR] user.go:101 | ParseJwtHandler token is expired by 40m10s
2024-02-28 15:37:36 [ERR] user.go:101 | ParseJwtHandler token is expired by 40m13s
2024-02-28 15:37:46 [ERR] user.go:101 | ParseJwtHandler token is expired by 40m23s
2024-02-28 15:37:57 [ERR] user.go:101 | ParseJwtHandler token is expired by 40m34s
2024-02-28 15:38:03 [ERR] user.go:101 | ParseJwtHandler token is expired by 40m40s
2024-02-28 15:38:23 [ERR] user.go:101 | ParseJwtHandler token is expired by 41m0s
2024-02-28 15:39:11 [ERR] user.go:101 | ParseJwtHandler token is expired by 41m48s
2024-02-28 15:39:25 [ERR] user.go:101 | ParseJwtHandler token is expired by 42m2s
