2023-08-01 17:03:01 [INF] main.go:18 | start seelong
2023-08-02 17:46:05 [INF] config.go:18 | begin seelog at 1690969565
2023-08-02 17:53:18 [INF] config.go:18 | begin seelog at 2023-08-02 17:53:18
2023-08-02 18:20:21 [INF] config.go:33 | Begin Seelog
2023-08-02 18:25:09 [INF] config.go:33 | Begin Seelog
2023-08-02 18:26:01 [INF] config.go:33 | Begin Seelog
2023-08-02 18:28:49 [INF] config.go:33 | Begin Seelog
2023-08-03 09:49:21 [INF] config.go:33 | Begin Seelog
2023-08-03 09:51:01 [INF] config.go:33 | Begin Seelog
2023-08-03 10:01:47 [INF] config.go:33 | Begin Seelog
2023-08-03 10:05:36 [INF] config.go:33 | Begin Seelog
2023-08-03 10:07:11 [INF] config.go:33 | Begin Seelog
2023-08-03 10:07:11 [INF] config.go:47 | create table users
2023-08-03 10:09:08 [INF] config.go:33 | Begin Seelog
2023-08-03 10:09:56 [INF] config.go:33 | Begin Seelog
2023-08-03 10:18:28 [INF] config.go:33 | Begin Seelog
2023-08-03 10:59:18 [INF] config.go:33 | Begin Seelog
2023-08-03 11:05:45 [INF] config.go:33 | Begin Seelog
2023-08-03 11:07:43 [INF] config.go:33 | Begin Seelog
2023-08-03 11:14:00 [INF] config.go:33 | Begin Seelog
2023-08-03 11:19:01 [INF] config.go:33 | Begin Seelog
2023-08-03 11:23:46 [INF] config.go:33 | Begin Seelog
2023-08-03 11:23:53 [INF] config.go:33 | Begin Seelog
2023-08-03 11:24:47 [INF] config.go:33 | Begin Seelog
2023-08-03 11:25:20 [INF] config.go:33 | Begin Seelog
2023-08-03 11:26:21 [INF] config.go:33 | Begin Seelog
2023-08-03 14:43:53 [INF] config.go:33 | Begin Seelog
2023-08-03 14:52:54 [INF] config.go:33 | Begin Seelog
2023-08-03 14:55:54 [INF] config.go:33 | Begin Seelog
2023-08-03 15:03:41 [INF] config.go:33 | Begin Seelog
2023-08-03 15:18:02 [INF] config.go:33 | Begin Seelog
2023-08-03 15:19:53 [INF] config.go:33 | Begin Seelog
2023-08-03 15:21:43 [INF] config.go:33 | Begin Seelog
2023-08-03 15:24:00 [INF] config.go:33 | Begin Seelog
2024-01-11 00:35:14 [INF] config.go:33 | Begin Seelog
2024-01-11 15:10:24 [INF] config.go:34 | Begin Seelog
2024-01-11 15:10:24 [INF] config.go:48 | create table users
2024-01-11 15:12:11 [INF] config.go:34 | Begin Seelog
2024-01-12 15:29:43 [INF] config.go:34 | Begin Seelog
2024-01-12 19:28:25 [INF] config.go:34 | Begin Seelog
2024-01-12 19:50:06 [INF] config.go:34 | Begin Seelog
2024-01-12 21:07:49 [INF] config.go:34 | Begin Seelog
2024-01-12 21:09:03 [INF] config.go:34 | Begin Seelog
2024-01-12 21:13:16 [INF] config.go:34 | Begin Seelog
2024-01-13 16:50:22 [INF] config.go:34 | Begin Seelog
2024-01-13 18:13:14 [INF] config.go:34 | Begin Seelog
2024-01-13 18:20:45 [INF] config.go:34 | Begin Seelog
2024-01-13 18:31:02 [INF] config.go:34 | Begin Seelog
2024-01-13 18:34:48 [INF] config.go:34 | Begin Seelog
2024-01-16 18:38:19 [INF] config.go:34 | Begin Seelog
2024-01-16 18:42:33 [INF] config.go:34 | Begin Seelog
2024-01-16 19:07:19 [INF] config.go:34 | Begin Seelog
2024-01-16 19:10:16 [INF] config.go:34 | Begin Seelog
2024-01-16 19:11:59 [INF] config.go:34 | Begin Seelog
2024-01-16 19:11:59 [INF] config.go:48 | create table users
2024-01-16 19:15:39 [INF] config.go:34 | Begin Seelog
2024-01-16 19:17:54 [INF] config.go:34 | Begin Seelog
2024-01-16 19:20:22 [INF] config.go:34 | Begin Seelog
2024-01-16 19:26:32 [INF] config.go:34 | Begin Seelog
2024-01-16 19:27:29 [INF] config.go:34 | Begin Seelog
2024-01-16 19:27:29 [INF] config.go:48 | create table users
2024-01-16 19:32:48 [INF] config.go:34 | Begin Seelog
2024-01-16 19:32:48 [INF] config.go:52 | recreate table users
2024-01-16 19:35:35 [INF] config.go:34 | Begin Seelog
2024-01-16 19:35:35 [INF] config.go:52 | recreate table users
2024-01-16 19:41:07 [INF] config.go:34 | Begin Seelog
2024-01-16 19:41:07 [INF] config.go:48 | create table users
2024-01-16 19:42:35 [INF] config.go:34 | Begin Seelog
2024-01-16 19:42:35 [INF] config.go:52 | recreate table users
2024-01-16 20:00:23 [INF] config.go:34 | Begin Seelog
2024-01-16 20:00:23 [INF] config.go:52 | recreate table users
2024-01-16 21:37:33 [INF] config.go:34 | Begin Seelog
2024-01-16 21:37:33 [INF] config.go:52 | recreate table users
2024-01-16 21:42:13 [INF] config.go:34 | Begin Seelog
2024-01-16 21:42:13 [INF] config.go:52 | recreate table users
2024-01-17 16:10:52 [INF] config.go:34 | Begin Seelog
2024-01-17 16:10:52 [INF] config.go:52 | recreate table users
2024-01-17 17:51:02 [INF] config.go:34 | Begin Seelog
2024-01-17 17:51:02 [INF] config.go:52 | recreate table users
2024-01-17 17:57:29 [INF] config.go:34 | Begin Seelog
2024-01-17 17:57:29 [INF] config.go:52 | recreate table users
2024-01-17 18:00:09 [INF] config.go:34 | Begin Seelog
2024-01-17 18:00:09 [INF] config.go:52 | recreate table users
2024-01-17 18:00:43 [INF] config.go:34 | Begin Seelog
2024-01-17 18:00:43 [INF] config.go:52 | recreate table users
2024-01-17 18:02:04 [INF] config.go:34 | Begin Seelog
2024-01-17 18:02:04 [INF] config.go:52 | recreate table users
2024-01-17 18:10:37 [INF] config.go:34 | Begin Seelog
2024-01-17 18:10:37 [INF] config.go:52 | recreate table users
2024-01-17 18:11:19 [INF] config.go:34 | Begin Seelog
2024-01-17 18:11:19 [INF] config.go:52 | recreate table users
2024-01-20 19:10:57 [INF] config.go:43 | Begin Seelog
2024-01-20 19:10:57 [INF] config.go:61 | recreate table users
2024-01-20 19:20:09 [INF] config.go:43 | Begin Seelog
2024-01-20 19:20:09 [INF] config.go:61 | recreate table users
2024-01-22 15:14:24 [INF] config.go:43 | Begin Seelog
2024-01-22 15:14:24 [INF] config.go:61 | recreate table users
2024-01-22 16:20:20 [INF] config.go:43 | Begin Seelog
2024-01-22 16:20:20 [INF] config.go:61 | recreate table users
2024-01-22 17:19:31 [INF] config.go:43 | Begin Seelog
2024-01-22 17:19:31 [INF] config.go:61 | recreate table users
2024-01-22 17:19:55 [INF] config.go:43 | Begin Seelog
2024-01-22 17:19:55 [INF] config.go:61 | recreate table users
2024-01-22 18:49:29 [INF] config.go:43 | Begin Seelog
2024-01-22 18:49:29 [INF] config.go:61 | recreate table users
2024-01-22 18:49:50 [INF] main.go:31 | See you next time at 8080 !
2024-01-22 18:49:53 [INF] config.go:43 | Begin Seelog
2024-01-22 18:49:53 [INF] config.go:61 | recreate table users
2024-01-22 18:50:14 [INF] main.go:31 | See you next time at 8080 !
2024-01-22 18:50:17 [INF] config.go:43 | Begin Seelog
2024-01-22 18:50:17 [INF] config.go:61 | recreate table users
2024-01-23 14:38:45 [INF] config.go:43 | Begin Seelog
2024-01-23 14:38:45 [INF] config.go:61 | recreate table users
2024-01-23 17:00:35 [INF] config.go:43 | Begin Seelog
2024-01-23 17:00:35 [INF] config.go:61 | recreate table users
2024-01-24 15:15:50 [INF] config.go:43 | Begin Seelog
2024-01-24 15:15:50 [INF] config.go:61 | recreate table users
2024-01-25 17:12:55 [INF] config.go:43 | Begin Seelog
2024-01-25 17:12:55 [INF] config.go:61 | recreate table users
2024-01-25 18:35:13 [INF] config.go:43 | Begin Seelog
2024-01-25 18:35:13 [INF] config.go:61 | recreate table users
2024-01-25 18:54:21 [INF] config.go:43 | Begin Seelog
2024-01-25 18:54:21 [INF] config.go:61 | recreate table users
2024-01-25 19:02:32 [INF] config.go:43 | Begin Seelog
2024-01-25 19:02:32 [INF] config.go:61 | recreate table users
2024-01-25 19:04:38 [INF] config.go:43 | Begin Seelog
2024-01-25 19:04:38 [INF] config.go:61 | recreate table users
2024-01-25 19:07:47 [INF] config.go:43 | Begin Seelog
2024-01-25 19:07:47 [INF] config.go:61 | recreate table users
2024-01-25 19:09:40 [INF] config.go:43 | Begin Seelog
2024-01-25 19:09:40 [INF] config.go:61 | recreate table users
2024-01-25 19:16:17 [INF] config.go:43 | Begin Seelog
2024-01-25 19:16:17 [INF] config.go:61 | recreate table users
2024-01-25 19:18:41 [INF] config.go:43 | Begin Seelog
2024-01-25 19:18:41 [INF] config.go:61 | recreate table users
2024-01-25 19:26:11 [INF] config.go:43 | Begin Seelog
2024-01-25 19:26:11 [INF] config.go:61 | recreate table users
2024-01-26 10:29:30 [INF] config.go:43 | Begin Seelog
2024-01-26 10:29:30 [INF] config.go:61 | recreate table users
2024-01-29 13:51:34 [INF] config.go:43 | Begin Seelog
2024-01-29 13:51:34 [INF] config.go:61 | recreate table users
2024-01-29 16:17:47 [INF] config.go:43 | Begin Seelog
2024-01-29 16:17:47 [INF] config.go:61 | recreate table users
2024-01-29 16:33:41 [INF] config.go:43 | Begin Seelog
2024-01-29 16:33:41 [INF] config.go:61 | recreate table users
2024-02-21 09:45:22 [INF] config.go:43 | Begin Seelog
2024-02-21 09:45:23 [INF] config.go:61 | recreate table users
2024-02-21 10:15:28 [INF] config.go:43 | Begin Seelog
2024-02-21 10:15:28 [INF] config.go:59 | table users already exists
2024-02-21 10:33:59 [INF] config.go:43 | Begin Seelog
2024-02-21 10:33:59 [INF] config.go:59 | table users already exists
2024-02-21 10:38:59 [INF] config.go:43 | Begin Seelog
2024-02-21 10:38:59 [INF] config.go:59 | table users already exists
2024-02-21 17:32:25 [INF] config.go:43 | Begin Seelog
2024-02-21 17:32:25 [INF] config.go:59 | table users already exists
2024-02-22 08:42:35 [INF] config.go:43 | Begin Seelog
2024-02-22 08:42:35 [INF] config.go:59 | table users already exists
2024-02-22 08:46:37 [INF] config.go:43 | Begin Seelog
2024-02-22 08:46:37 [INF] config.go:59 | table users already exists
2024-02-22 14:24:36 [INF] config.go:43 | Begin Seelog
2024-02-22 14:24:36 [INF] config.go:59 | table users already exists
2024-02-22 16:14:07 [INF] config.go:46 | Begin Seelog
2024-02-22 16:14:07 [INF] config.go:62 | table users already exists
2024-02-22 16:30:08 [INF] config.go:46 | Begin Seelog
2024-02-22 16:30:08 [INF] config.go:62 | table users already exists
2024-02-22 16:52:56 [INF] config.go:46 | Begin Seelog
2024-02-22 16:52:56 [INF] config.go:60 | create table users
2024-02-22 17:17:40 [INF] config.go:46 | Begin Seelog
2024-02-22 17:17:40 [INF] config.go:62 | table users already exists
2024-02-22 17:31:31 [INF] config.go:46 | Begin Seelog
2024-02-22 17:31:31 [INF] config.go:62 | table users already exists
2024-02-22 17:42:15 [INF] config.go:46 | Begin Seelog
2024-02-22 17:42:15 [INF] config.go:62 | table users already exists
2024-02-23 08:32:19 [INF] config.go:46 | Begin Seelog
2024-02-23 08:32:19 [INF] config.go:62 | table users already exists
2024-02-23 14:44:05 [INF] config.go:46 | Begin Seelog
2024-02-23 14:44:05 [INF] config.go:62 | table users already exists
2024-02-23 17:12:35 [INF] config.go:46 | Begin Seelog
2024-02-23 17:12:35 [INF] config.go:62 | table users already exists
2024-02-23 17:32:09 [INF] config.go:46 | Begin Seelog
2024-02-23 17:32:09 [INF] config.go:62 | table users already exists
2024-02-26 09:30:38 [INF] config.go:46 | Begin Seelog
2024-02-26 09:30:38 [INF] config.go:62 | table users already exists
2024-02-26 14:30:02 [INF] config.go:46 | Begin Seelog
2024-02-26 14:30:02 [INF] config.go:62 | table users already exists
2024-02-26 14:40:00 [INF] config.go:46 | Begin Seelog
2024-02-26 14:40:00 [INF] config.go:62 | table users already exists
2024-02-27 09:04:59 [INF] config.go:46 | Begin Seelog
2024-02-27 09:04:59 [INF] config.go:62 | table users already exists
2024-02-27 10:02:18 [INF] config.go:46 | Begin Seelog
2024-02-27 10:02:18 [INF] config.go:62 | table users already exists
2024-02-27 10:03:18 [INF] config.go:46 | Begin Seelog
2024-02-27 10:03:18 [INF] config.go:62 | table users already exists
2024-02-27 10:04:22 [INF] config.go:46 | Begin Seelog
2024-02-27 10:04:22 [INF] config.go:62 | table users already exists
2024-02-27 18:03:40 [INF] config.go:46 | Begin Seelog
2024-02-27 18:03:40 [INF] config.go:62 | table users already exists
2024-02-28 15:18:32 [INF] config.go:46 | Begin Seelog
2024-02-28 15:18:32 [INF] config.go:62 | table users already exists
2024-02-28 15:31:58 [INF] config.go:46 | Begin Seelog
2024-02-28 15:31:58 [INF] config.go:62 | table users already exists
2024-02-28 15:34:23 [INF] config.go:46 | Begin Seelog
2024-02-28 15:34:23 [INF] config.go:62 | table users already exists
2024-02-28 16:50:15 [INF] config.go:46 | Begin Seelog
2024-02-28 16:50:15 [INF] config.go:62 | table users already exists
2024-02-29 08:41:39 [INF] config.go:46 | Begin Seelog
2024-02-29 08:41:39 [INF] config.go:62 | table users already exists
2024-02-29 10:57:22 [INF] config.go:46 | Begin Seelog
2024-02-29 10:57:22 [INF] config.go:62 | table users already exists
2024-02-29 19:04:58 [INF] config.go:46 | Begin Seelog
2024-02-29 19:04:58 [INF] config.go:62 | table users already exists
2024-02-29 19:10:15 [INF] config.go:46 | Begin Seelog
2024-02-29 19:10:15 [INF] config.go:62 | table users already exists
2024-02-29 19:43:32 [INF] config.go:46 | Begin Seelog
2024-02-29 19:43:32 [INF] config.go:62 | table users already exists
2024-03-11 16:57:08 [INF] config.go:43 | Begin Seelog
2024-03-11 16:57:08 [INF] config.go:59 | table users already exists
2024-03-12 14:15:03 [INF] config.go:43 | Begin Seelog
2024-03-12 14:15:03 [INF] config.go:59 | table users already exists
2024-03-12 14:25:13 [INF] config.go:43 | Begin Seelog
2024-03-12 14:25:13 [INF] config.go:59 | table users already exists
2024-03-13 15:20:52 [INF] config.go:43 | Begin Seelog
2024-03-13 15:20:52 [INF] config.go:59 | table users already exists
2024-03-13 15:51:40 [INF] config.go:52 | Begin Seelog
2024-03-13 15:51:40 [INF] mysql.go:64 | config:<nil>
2024-03-13 15:51:40 [INF] config.go:86 | table users already exists
2024-03-13 17:07:15 [INF] config.go:52 | Begin Seelog
2024-03-13 17:07:15 [INF] mysql.go:64 | config:map[]
2024-03-13 17:07:16 [INF] config.go:80 | table users already exists
2024-03-13 17:08:32 [INF] config.go:52 | Begin Seelog
2024-03-13 17:08:32 [INF] mysql.go:64 | <nil>
2024-03-13 17:08:32 [INF] config.go:80 | table users already exists
2024-03-13 17:10:07 [INF] config.go:52 | Begin Seelog
2024-03-13 17:10:07 [INF] mysql.go:64 | <nil>
2024-03-13 17:10:07 [INF] config.go:80 | table users already exists
2024-03-13 17:40:47 [INF] config.go:52 | Begin Seelog
2024-03-13 17:40:47 [INF] mysql.go:64 | <nil>
2024-03-13 17:40:47 [INF] config.go:87 | table users already exists
2024-03-13 17:42:00 [INF] config.go:52 | Begin Seelog
2024-03-13 17:42:00 [INF] mysql.go:64 | <nil>
2024-03-13 17:42:00 [INF] config.go:87 | table users already exists
2024-03-13 17:58:24 [INF] config.go:52 | Begin Seelog
2024-03-13 17:58:24 [INF] mysql.go:64 | <nil>
2024-03-13 17:58:24 [INF] config.go:86 | table users already exists
2024-03-13 17:59:57 [INF] config.go:52 | Begin Seelog
2024-03-13 17:59:57 [INF] config.go:85 | table users already exists
2024-03-13 18:03:34 [INF] config.go:52 | Begin Seelog
2024-03-13 18:03:34 [INF] config.go:89 | table users already exists
2024-03-13 18:04:42 [INF] config.go:52 | Begin Seelog
2024-03-13 18:04:42 [INF] config.go:89 | table users already exists
2024-03-13 18:05:11 [INF] config.go:52 | Begin Seelog
2024-03-13 18:05:11 [INF] config.go:90 | table users already exists
2024-03-13 18:07:34 [INF] config.go:52 | Begin Seelog
2024-03-13 18:07:34 [INF] config.go:91 | table users already exists
2024-03-13 18:13:22 [INF] config.go:52 | Begin Seelog
2024-03-13 18:13:22 [INF] config.go:88 | table users already exists
2024-03-18 08:39:58 [INF] config.go:52 | Begin Seelog
2024-03-18 08:39:58 [INF] config.go:88 | table users already exists
2024-03-18 09:20:43 [INF] config.go:52 | Begin Seelog
2024-03-18 09:20:43 [INF] config.go:88 | table users already exists
2024-03-18 10:44:56 [INF] config.go:52 | Begin Seelog
2024-03-18 10:44:56 [INF] config.go:88 | table users already exists
2024-03-19 10:00:49 [INF] config.go:52 | Begin Seelog
2024-03-19 10:00:49 [INF] config.go:88 | table users already exists
2024-03-20 10:19:07 [INF] config.go:52 | Begin Seelog
2024-03-20 10:19:07 [INF] config.go:88 | table users already exists
2024-03-20 10:50:01 [INF] config.go:52 | Begin Seelog
2024-03-20 10:50:01 [INF] config.go:88 | table users already exists
2024-03-20 10:50:01 [INF] config.go:93 | create table userssh
2024-03-20 10:51:53 [INF] config.go:52 | Begin Seelog
2024-03-20 10:51:53 [INF] config.go:88 | table users already exists
2024-03-20 10:51:53 [INF] config.go:93 | create table userssh
2024-03-20 11:07:07 [INF] config.go:52 | Begin Seelog
2024-03-20 11:07:07 [INF] config.go:88 | table users already exists
2024-03-20 11:07:07 [INF] config.go:95 | table userssh already exists
2024-03-20 11:25:22 [INF] config.go:52 | Begin Seelog
2024-03-20 11:25:22 [INF] config.go:88 | table users already exists
2024-03-20 11:25:22 [INF] config.go:95 | table userssh already exists
2024-03-27 19:25:01 [INF] config.go:52 | Begin Seelog
2024-03-27 19:25:01 [INF] config.go:88 | table users already exists
2024-03-27 19:25:01 [INF] config.go:95 | table userssh already exists
2024-03-27 19:49:06 [INF] config.go:52 | Begin Seelog
2024-03-27 19:49:06 [INF] config.go:88 | table users already exists
2024-03-27 19:49:06 [INF] config.go:95 | table userssh already exists
2024-03-28 14:28:02 [INF] config.go:52 | Begin Seelog
2024-03-28 14:28:02 [INF] config.go:88 | table users already exists
2024-03-28 14:28:02 [INF] config.go:95 | table userssh already exists
2024-03-28 15:20:45 [INF] config.go:52 | Begin Seelog
2024-03-28 15:20:45 [INF] config.go:88 | table users already exists
2024-03-28 15:20:45 [INF] config.go:95 | table userssh already exists
2024-03-28 15:41:23 [INF] config.go:52 | Begin Seelog
2024-03-28 15:41:23 [INF] config.go:88 | table users already exists
2024-03-28 15:41:23 [INF] config.go:95 | table userssh already exists
2024-03-29 12:33:00 [INF] config.go:52 | Begin Seelog
2024-03-29 12:33:00 [INF] config.go:88 | table users already exists
2024-03-29 12:33:00 [INF] config.go:95 | table userssh already exists
2024-03-29 15:52:27 [INF] config.go:52 | Begin Seelog
2024-03-29 15:52:27 [INF] config.go:88 | table users already exists
2024-03-29 15:52:27 [INF] config.go:95 | table userssh already exists
2024-03-29 17:12:09 [INF] config.go:52 | Begin Seelog
2024-03-29 17:12:09 [INF] config.go:88 | table users already exists
2024-03-29 17:12:09 [INF] config.go:95 | table userssh already exists
2024-03-29 17:13:18 [INF] user.go:74 | 用户登录成功
2024-03-29 17:13:57 [INF] user.go:74 | 用户登录成功
2024-03-29 17:14:25 [INF] config.go:52 | Begin Seelog
2024-03-29 17:14:25 [INF] config.go:88 | table users already exists
2024-03-29 17:14:25 [INF] config.go:95 | table userssh already exists
2024-03-29 17:14:35 [INF] user.go:74 | 用户yinchenxu登录成功
2024-03-29 17:17:53 [INF] config.go:52 | Begin Seelog
2024-03-29 17:17:53 [INF] config.go:88 | table users already exists
2024-03-29 17:17:53 [INF] config.go:95 | table userssh already exists
2024-03-29 17:18:02 [INF] user.go:75 | 用户yinchenxu登录成功
2024-03-29 17:18:06 [INF] user.go:185 | 用户yinchenxu开始监测211.71.76.205服务器
2024-03-29 17:19:39 [INF] user.go:75 | 用户yinchenxu登录成功
2024-03-29 17:20:18 [INF] user.go:75 | 用户yinchenxu登录成功
2024-03-29 17:22:44 [INF] user.go:185 | 用户yinchenxu开始监测211.71.76.205服务器
2024-03-29 17:49:51 [INF] config.go:52 | Begin Seelog
2024-03-29 17:49:51 [INF] config.go:88 | table users already exists
2024-03-29 17:49:51 [INF] config.go:95 | table userssh already exists
2024-03-29 17:50:00 [INF] user.go:75 | 用户yinchenxu登录成功
2024-03-29 17:50:04 [INF] user.go:185 | 用户yinchenxu开始监测211.71.76.205服务器
2024-03-29 17:51:00 [INF] config.go:52 | Begin Seelog
2024-03-29 17:51:00 [INF] config.go:88 | table users already exists
2024-03-29 17:51:00 [INF] config.go:95 | table userssh already exists
2024-03-29 17:51:30 [INF] config.go:52 | Begin Seelog
2024-03-29 17:51:30 [INF] config.go:88 | table users already exists
2024-03-29 17:51:30 [INF] config.go:95 | table userssh already exists
2024-03-29 17:51:45 [INF] user.go:75 | 用户yinchenxu登录成功
2024-03-29 17:51:48 [INF] user.go:185 | 用户yinchenxu开始监测211.71.76.205服务器
2024-03-29 17:52:42 [INF] user.go:75 | 用户yinchenxu登录成功
2024-03-29 17:52:46 [INF] user.go:185 | 用户yinchenxu开始监测211.71.76.205服务器
2024-03-29 17:53:54 [INF] config.go:52 | Begin Seelog
2024-03-29 17:53:54 [INF] config.go:88 | table users already exists
2024-03-29 17:53:54 [INF] config.go:95 | table userssh already exists
2024-03-29 17:54:02 [INF] user.go:75 | 用户yinchenxu登录成功
2024-03-29 17:54:06 [INF] user.go:185 | 用户yinchenxu开始监测211.71.76.205服务器
2024-03-29 21:44:58 [INF] config.go:52 | Begin Seelog
2024-03-29 21:44:58 [INF] config.go:88 | table users already exists
2024-03-29 21:44:58 [INF] config.go:95 | table userssh already exists
2024-03-29 21:45:39 [INF] user.go:29 | 用户yinchenxu5注册成功
2024-03-29 21:45:42 [INF] user.go:75 | 用户yinchenxu5登录成功
2024-03-29 21:45:45 [INF] user.go:185 | 用户yinchenxu5开始监测211.71.76.205服务器
2024-03-30 00:40:38 [INF] config.go:52 | Begin Seelog
2024-03-30 00:40:38 [INF] config.go:88 | table users already exists
2024-03-30 00:40:38 [INF] config.go:95 | table userssh already exists
2024-03-30 00:41:20 [INF] user.go:29 | 用户yinchenxu10注册成功
2024-03-30 00:41:22 [INF] user.go:75 | 用户yinchenxu10登录成功
2024-03-30 00:41:31 [INF] user.go:185 | 用户yinchenxu10开始监测211.71.76.205服务器
2024-03-30 13:53:56 [INF] config.go:52 | Begin Seelog
2024-03-30 13:53:56 [INF] config.go:88 | table users already exists
2024-03-30 13:53:56 [INF] config.go:95 | table userssh already exists
2024-04-08 14:17:48 [INF] config.go:52 | Begin Seelog
2024-04-08 14:17:48 [INF] config.go:88 | table users already exists
2024-04-08 14:17:48 [INF] config.go:95 | table userssh already exists
2024-04-08 14:20:20 [INF] user.go:29 | 用户yinchenxu11注册成功
2024-04-08 14:28:00 [INF] user.go:75 | 用户yinchenxu登录成功
2024-04-08 14:29:16 [INF] user.go:75 | 用户yinchenxu登录成功
2024-04-08 14:31:47 [INF] user.go:75 | 用户yinchenxu登录成功
2024-04-08 14:32:04 [INF] user.go:185 | 用户yinchenxu开始监测211.71.76.205服务器
2024-04-08 15:53:08 [INF] config.go:52 | Begin Seelog
2024-04-08 15:53:08 [INF] config.go:88 | table users already exists
2024-04-08 15:53:08 [INF] config.go:95 | table userssh already exists
2024-04-08 15:55:50 [INF] config.go:52 | Begin Seelog
2024-04-08 15:55:50 [INF] config.go:88 | table users already exists
2024-04-08 15:55:50 [INF] config.go:95 | table userssh already exists
2024-04-08 15:56:05 [INF] user.go:75 | 用户yinchenxu登录成功
2024-04-08 15:56:08 [INF] user.go:185 | 用户yinchenxu开始监测211.71.76.205服务器
2024-04-09 18:38:26 [INF] config.go:52 | Begin Seelog
2024-04-09 18:38:26 [INF] config.go:88 | table users already exists
2024-04-09 18:38:26 [INF] config.go:95 | table userssh already exists
2024-04-09 18:38:40 [INF] user.go:75 | 用户yinchenxu登录成功
2024-04-09 18:38:44 [INF] user.go:185 | 用户yinchenxu开始监测211.71.76.205服务器
2024-04-09 18:42:25 [INF] user.go:185 | 用户yinchenxu开始监测211.71.76.205服务器
2024-04-10 13:25:00 [INF] config.go:52 | Begin Seelog
2024-04-10 13:25:00 [INF] config.go:88 | table users already exists
2024-04-10 13:25:00 [INF] config.go:95 | table userssh already exists
2024-04-10 13:30:17 [INF] config.go:52 | Begin Seelog
2024-04-10 13:30:17 [INF] config.go:88 | table users already exists
2024-04-10 13:30:17 [INF] config.go:95 | table userssh already exists
2024-04-10 13:37:31 [INF] config.go:52 | Begin Seelog
2024-04-10 13:37:31 [INF] config.go:88 | table users already exists
2024-04-10 13:37:31 [INF] config.go:95 | table userssh already exists
2024-04-10 14:02:57 [INF] user.go:29 | 用户yinchenxu注册成功
2024-04-10 14:02:59 [INF] user.go:75 | 用户yinchenxu登录成功
2024-04-10 14:03:20 [INF] user.go:185 | 用户yinchenxu开始监测211.71.76.205服务器
2024-04-10 14:34:14 [INF] config.go:52 | Begin Seelog
2024-04-10 14:34:14 [INF] config.go:88 | table users already exists
2024-04-10 14:34:14 [INF] config.go:95 | table userssh already exists
2024-04-10 14:34:26 [INF] user.go:75 | 用户yinchenxu登录成功
2024-04-10 14:34:45 [INF] user.go:185 | 用户yinchenxu开始监测211.71.76.205服务器
2024-04-10 14:51:08 [INF] config.go:52 | Begin Seelog
2024-04-10 14:51:08 [INF] config.go:88 | table users already exists
2024-04-10 14:51:08 [INF] config.go:95 | table userssh already exists
2024-04-10 14:51:21 [INF] user.go:75 | 用户yinchenxu登录成功
2024-04-10 14:51:39 [INF] user.go:185 | 用户yinchenxu开始监测211.71.76.205服务器
2024-04-10 14:52:40 [INF] config.go:52 | Begin Seelog
2024-04-10 14:52:40 [INF] config.go:88 | table users already exists
2024-04-10 14:52:40 [INF] config.go:95 | table userssh already exists
2024-04-10 14:55:52 [INF] user.go:75 | 用户yinchenxu登录成功
2024-04-10 14:56:18 [INF] user.go:75 | 用户yinchenxu登录成功
2024-04-10 14:56:28 [INF] user.go:185 | 用户yinchenxu开始监测211.71.76.205服务器
2024-04-10 14:59:39 [INF] config.go:52 | Begin Seelog
2024-04-10 14:59:39 [INF] config.go:88 | table users already exists
2024-04-10 14:59:39 [INF] config.go:95 | table userssh already exists
2024-04-10 14:59:52 [INF] user.go:75 | 用户yinchenxu登录成功
2024-04-10 14:59:54 [INF] user.go:185 | 用户yinchenxu开始监测211.71.76.205服务器
2024-04-10 15:01:04 [INF] config.go:52 | Begin Seelog
2024-04-10 15:01:04 [INF] config.go:88 | table users already exists
2024-04-10 15:01:04 [INF] config.go:95 | table userssh already exists
2024-04-10 15:01:15 [INF] user.go:75 | 用户yinchenxu登录成功
2024-04-10 15:01:18 [INF] user.go:185 | 用户yinchenxu开始监测211.71.76.205服务器
2024-04-10 15:08:55 [INF] config.go:52 | Begin Seelog
2024-04-10 15:08:55 [INF] config.go:88 | table users already exists
2024-04-10 15:08:55 [INF] config.go:95 | table userssh already exists
2024-04-10 15:09:05 [INF] user.go:75 | 用户yinchenxu登录成功
2024-04-10 15:09:09 [INF] user.go:185 | 用户yinchenxu开始监测211.71.76.205服务器
2024-04-10 15:30:51 [INF] config.go:52 | Begin Seelog
2024-04-10 15:30:51 [INF] config.go:88 | table users already exists
2024-04-10 15:30:51 [INF] config.go:95 | table userssh already exists
2024-04-10 15:31:01 [INF] user.go:75 | 用户yinchenxu登录成功
2024-04-10 15:31:04 [INF] user.go:185 | 用户yinchenxu开始监测211.71.76.205服务器
2024-04-10 15:57:27 [INF] config.go:52 | Begin Seelog
2024-04-10 15:57:27 [INF] config.go:88 | table users already exists
2024-04-10 15:57:27 [INF] config.go:95 | table userssh already exists
2024-04-10 15:59:14 [INF] user.go:75 | 用户yinchenxu登录成功
2024-04-10 15:59:35 [INF] user.go:185 | 用户yinchenxu开始监测211.71.76.205服务器
2024-04-10 15:59:37 [INF] user.go:185 | 用户yinchenxu开始监测211.71.76.205服务器
2024-04-10 16:02:58 [INF] user.go:75 | 用户yinchenxu登录成功
2024-04-10 16:03:01 [INF] user.go:185 | 用户yinchenxu开始监测211.71.76.205服务器
2024-04-10 16:05:06 [INF] user.go:75 | 用户yinchenxu登录成功
2024-04-10 16:05:16 [INF] user.go:185 | 用户yinchenxu开始监测211.71.76.205服务器
2024-04-10 16:34:39 [INF] config.go:52 | Begin Seelog
2024-04-10 16:34:39 [INF] config.go:88 | table users already exists
2024-04-10 16:34:39 [INF] config.go:95 | table userssh already exists
2024-04-10 16:35:58 [INF] user.go:75 | 用户yinchenxu登录成功
2024-04-10 16:36:00 [INF] user.go:185 | 用户yinchenxu开始监测211.71.76.205服务器
2024-04-10 17:02:46 [INF] config.go:52 | Begin Seelog
2024-04-10 17:02:46 [INF] config.go:88 | table users already exists
2024-04-10 17:02:46 [INF] config.go:95 | table userssh already exists
2024-04-10 17:02:58 [INF] user.go:75 | 用户yinchenxu登录成功
2024-04-10 17:03:05 [INF] user.go:75 | 用户yinchenxu登录成功
2024-04-10 17:03:13 [INF] user.go:185 | 用户yinchenxu开始监测211.71.76.205服务器
2024-04-10 17:05:18 [INF] user.go:75 | 用户yinchenxu登录成功
2024-04-10 17:05:21 [INF] user.go:185 | 用户yinchenxu开始监测211.71.76.205服务器
2024-04-10 17:07:09 [INF] user.go:75 | 用户yinchenxu登录成功
2024-04-10 17:12:53 [INF] config.go:52 | Begin Seelog
2024-04-10 17:12:53 [INF] config.go:88 | table users already exists
2024-04-10 17:12:53 [INF] config.go:95 | table userssh already exists
2024-04-10 17:14:11 [INF] user.go:75 | 用户yinchenxu登录成功
2024-04-10 17:14:18 [INF] user.go:185 | 用户yinchenxu开始监测211.71.76.205服务器
2024-04-10 17:20:32 [INF] user.go:75 | 用户yinchenxu登录成功
2024-04-10 17:20:35 [INF] user.go:185 | 用户yinchenxu开始监测211.71.76.205服务器
2024-04-10 17:41:46 [INF] config.go:52 | Begin Seelog
2024-04-10 17:41:46 [INF] config.go:88 | table users already exists
2024-04-10 17:41:46 [INF] config.go:95 | table userssh already exists
2024-04-10 17:43:11 [INF] user.go:75 | 用户yinchenxu登录成功
2024-04-10 17:43:13 [INF] user.go:185 | 用户yinchenxu开始监测211.71.76.205服务器
2024-04-10 17:45:02 [INF] config.go:52 | Begin Seelog
2024-04-10 17:45:02 [INF] config.go:88 | table users already exists
2024-04-10 17:45:02 [INF] config.go:95 | table userssh already exists
2024-04-10 17:45:18 [INF] user.go:75 | 用户yinchenxu登录成功
2024-04-10 17:45:21 [INF] user.go:185 | 用户yinchenxu开始监测211.71.76.205服务器
2024-04-10 17:46:57 [INF] config.go:52 | Begin Seelog
2024-04-10 17:46:57 [INF] config.go:88 | table users already exists
2024-04-10 17:46:57 [INF] config.go:95 | table userssh already exists
2024-04-10 17:47:09 [INF] user.go:75 | 用户yinchenxu登录成功
2024-04-10 17:47:11 [INF] user.go:185 | 用户yinchenxu开始监测211.71.76.205服务器
2024-04-15 14:14:06 [INF] config.go:52 | Begin Seelog
2024-04-15 14:14:06 [INF] config.go:88 | table users already exists
2024-04-15 14:14:06 [INF] config.go:95 | table userssh already exists
2024-04-15 14:14:22 [INF] user.go:75 | 用户yinchenxu登录成功
2024-04-15 14:14:36 [INF] user.go:185 | 用户yinchenxu开始监测211.71.76.205服务器
2024-04-15 14:53:34 [INF] config.go:52 | Begin Seelog
2024-04-15 14:53:34 [INF] config.go:88 | table users already exists
2024-04-15 14:53:34 [INF] config.go:95 | table userssh already exists
2024-04-15 14:53:51 [INF] user.go:75 | 用户yinchenxu登录成功
2024-04-15 14:58:47 [INF] config.go:52 | Begin Seelog
2024-04-15 14:58:47 [INF] config.go:88 | table users already exists
2024-04-15 14:58:47 [INF] config.go:95 | table userssh already exists
2024-04-15 14:59:07 [INF] user.go:75 | 用户yinchenxu登录成功
2024-04-15 14:59:11 [INF] user.go:185 | 用户yinchenxu开始监测211.71.76.205服务器
2024-04-15 14:59:27 [INF] user.go:75 | 用户yinchenxu登录成功
2024-04-15 14:59:28 [INF] user.go:185 | 用户yinchenxu开始监测211.71.76.205服务器
2024-04-15 15:03:58 [INF] config.go:52 | Begin Seelog
2024-04-15 15:03:58 [INF] config.go:88 | table users already exists
2024-04-15 15:03:58 [INF] config.go:95 | table userssh already exists
2024-04-15 15:04:16 [INF] user.go:75 | 用户yinchenxu登录成功
2024-04-15 15:04:19 [INF] user.go:185 | 用户yinchenxu开始监测211.71.76.205服务器
2024-04-15 15:07:23 [INF] config.go:52 | Begin Seelog
2024-04-15 15:07:23 [INF] config.go:88 | table users already exists
2024-04-15 15:07:23 [INF] config.go:95 | table userssh already exists
2024-04-15 15:07:43 [INF] user.go:75 | 用户yinchenxu登录成功
2024-04-15 15:07:45 [INF] user.go:185 | 用户yinchenxu开始监测211.71.76.205服务器
2024-04-16 14:42:08 [INF] config.go:52 | Begin Seelog
2024-04-16 14:42:08 [INF] config.go:88 | table users already exists
2024-04-16 14:42:08 [INF] config.go:95 | table userssh already exists
2024-04-16 15:41:05 [INF] user.go:75 | 用户yinchenxu登录成功
2024-04-16 15:41:11 [INF] user.go:185 | 用户yinchenxu开始监测211.71.76.205服务器
2024-04-16 16:45:50 [INF] config.go:52 | Begin Seelog
2024-04-16 16:45:50 [INF] config.go:88 | table users already exists
2024-04-16 16:45:50 [INF] config.go:95 | table userssh already exists
2024-04-16 16:46:03 [INF] user.go:75 | 用户yinchenxu登录成功
2024-04-16 16:46:08 [INF] user.go:185 | 用户yinchenxu开始监测211.71.76.205服务器
2024-04-16 16:49:22 [INF] config.go:52 | Begin Seelog
2024-04-16 16:49:22 [INF] config.go:88 | table users already exists
2024-04-16 16:49:22 [INF] config.go:95 | table userssh already exists
2024-04-16 16:49:35 [INF] user.go:75 | 用户yinchenxu登录成功
2024-04-16 16:49:37 [INF] user.go:185 | 用户yinchenxu开始监测211.71.76.205服务器
2024-04-16 17:01:04 [INF] config.go:52 | Begin Seelog
2024-04-16 17:01:04 [INF] config.go:88 | table users already exists
2024-04-16 17:01:04 [INF] config.go:95 | table userssh already exists
2024-04-16 17:01:18 [INF] user.go:75 | 用户yinchenxu登录成功
2024-04-16 17:01:40 [INF] user.go:185 | 用户yinchenxu开始监测211.71.76.205服务器
2024-04-16 17:10:39 [INF] config.go:52 | Begin Seelog
2024-04-16 17:10:39 [INF] config.go:88 | table users already exists
2024-04-16 17:10:39 [INF] config.go:95 | table userssh already exists
2024-04-16 17:10:48 [INF] user.go:75 | 用户yinchenxu登录成功
2024-04-16 17:10:55 [INF] user.go:185 | 用户yinchenxu开始监测211.71.76.205服务器
2024-04-16 17:12:16 [INF] config.go:52 | Begin Seelog
2024-04-16 17:12:16 [INF] config.go:88 | table users already exists
2024-04-16 17:12:16 [INF] config.go:95 | table userssh already exists
2024-04-16 17:12:24 [INF] user.go:75 | 用户yinchenxu登录成功
2024-04-16 17:12:26 [INF] user.go:185 | 用户yinchenxu开始监测211.71.76.205服务器
2024-04-16 17:12:46 [INF] info.go:370 | data:
2024-04-16 17:15:08 [INF] config.go:52 | Begin Seelog
2024-04-16 17:15:08 [INF] config.go:88 | table users already exists
2024-04-16 17:15:08 [INF] config.go:95 | table userssh already exists
2024-04-16 17:15:35 [INF] user.go:75 | 用户yinchenxu登录成功
2024-04-16 17:15:37 [INF] user.go:185 | 用户yinchenxu开始监测211.71.76.205服务器
2024-04-16 17:15:59 [INF] info.go:370 | data:
2024-04-16 17:30:18 [INF] config.go:52 | Begin Seelog
2024-04-16 17:30:18 [INF] config.go:88 | table users already exists
2024-04-16 17:30:18 [INF] config.go:95 | table userssh already exists
2024-04-16 17:30:28 [INF] user.go:75 | 用户yinchenxu登录成功
2024-04-16 17:30:36 [INF] user.go:185 | 用户yinchenxu开始监测211.71.76.205服务器
2024-04-16 17:31:32 [INF] info.go:393 | data:{[]}
2024-04-16 17:31:47 [INF] user.go:75 | 用户yinchenxu登录成功
2024-04-16 17:31:49 [INF] user.go:185 | 用户yinchenxu开始监测211.71.76.205服务器
2024-04-16 17:32:08 [INF] info.go:393 | data:{[]}
2024-04-16 17:36:45 [INF] config.go:52 | Begin Seelog
2024-04-16 17:36:45 [INF] config.go:88 | table users already exists
2024-04-16 17:36:45 [INF] config.go:95 | table userssh already exists
2024-04-16 17:36:58 [INF] user.go:75 | 用户yinchenxu登录成功
2024-04-16 17:37:00 [INF] user.go:185 | 用户yinchenxu开始监测211.71.76.205服务器
2024-04-16 17:37:18 [INF] info.go:393 | data:{[]}
2024-04-16 17:39:31 [INF] info.go:393 | data:{[]}
2024-04-16 17:39:32 [INF] info.go:393 | data:{[]}
2024-04-16 17:40:01 [INF] config.go:52 | Begin Seelog
2024-04-16 17:40:01 [INF] config.go:88 | table users already exists
2024-04-16 17:40:01 [INF] config.go:95 | table userssh already exists
2024-04-16 17:40:12 [INF] user.go:75 | 用户yinchenxu登录成功
2024-04-16 17:40:13 [INF] user.go:185 | 用户yinchenxu开始监测211.71.76.205服务器
2024-04-16 17:40:37 [INF] info.go:393 | data:{[]}
2024-04-16 17:44:38 [INF] config.go:52 | Begin Seelog
2024-04-16 17:44:38 [INF] config.go:88 | table users already exists
2024-04-16 17:44:38 [INF] config.go:95 | table userssh already exists
2024-04-16 17:44:48 [INF] user.go:75 | 用户yinchenxu登录成功
2024-04-16 17:44:50 [INF] user.go:185 | 用户yinchenxu开始监测211.71.76.205服务器
2024-04-16 17:45:10 [INF] info.go:372 | data:{[]}
2024-04-16 17:50:07 [INF] config.go:52 | Begin Seelog
2024-04-16 17:50:07 [INF] config.go:88 | table users already exists
2024-04-16 17:50:07 [INF] config.go:95 | table userssh already exists
2024-04-17 16:09:28 [INF] config.go:52 | Begin Seelog
2024-04-17 16:09:28 [INF] config.go:88 | table users already exists
2024-04-17 16:09:28 [INF] config.go:95 | table userssh already exists
2024-04-17 16:09:39 [INF] user.go:75 | 用户yinchenxu登录成功
2024-04-17 16:09:41 [INF] user.go:185 | 用户yinchenxu开始监测211.71.76.205服务器
2024-04-17 16:10:14 [INF] info.go:395 | data:{[]}
2024-04-17 16:11:58 [INF] config.go:52 | Begin Seelog
2024-04-17 16:11:58 [INF] config.go:88 | table users already exists
2024-04-17 16:11:58 [INF] config.go:95 | table userssh already exists
2024-04-17 16:12:10 [INF] user.go:75 | 用户yinchenxu登录成功
2024-04-17 16:12:12 [INF] user.go:185 | 用户yinchenxu开始监测211.71.76.205服务器
2024-04-17 16:12:31 [INF] info.go:370 | data:{[]}
2024-04-17 16:24:16 [INF] config.go:52 | Begin Seelog
2024-04-17 16:24:16 [INF] config.go:88 | table users already exists
2024-04-17 16:24:16 [INF] config.go:95 | table userssh already exists
2024-04-17 16:24:44 [INF] user.go:75 | 用户yinchenxu登录成功
2024-04-17 16:24:51 [INF] user.go:185 | 用户yinchenxu开始监测211.71.76.205服务器
2024-04-17 16:25:21 [INF] info.go:370 | data:{[]}
2024-04-17 16:26:08 [INF] config.go:52 | Begin Seelog
2024-04-17 16:26:08 [INF] config.go:88 | table users already exists
2024-04-17 16:26:08 [INF] config.go:95 | table userssh already exists
2024-04-17 16:26:20 [INF] user.go:75 | 用户yinchenxu登录成功
2024-04-17 16:26:23 [INF] user.go:185 | 用户yinchenxu开始监测211.71.76.205服务器
2024-04-17 16:26:43 [INF] info.go:370 | data:{[]}
2024-04-17 16:32:01 [INF] config.go:52 | Begin Seelog
2024-04-17 16:32:01 [INF] config.go:88 | table users already exists
2024-04-17 16:32:01 [INF] config.go:95 | table userssh already exists
2024-04-17 16:32:33 [INF] config.go:52 | Begin Seelog
2024-04-17 16:32:33 [INF] config.go:88 | table users already exists
2024-04-17 16:32:33 [INF] config.go:95 | table userssh already exists
2024-04-17 16:32:44 [INF] user.go:75 | 用户yinchenxu登录成功
2024-04-17 16:32:46 [INF] user.go:185 | 用户yinchenxu开始监测211.71.76.205服务器
2024-04-17 16:33:07 [INF] info.go:26 | Failed to run cpu usage command: %sread tcp 10.60.218.243:62220->211.71.76.205:22: wsarecv: A connection attempt failed because the connected party did not properly respond after a period of time, or established connection failed because connected host has failed to respond.
2024-04-17 16:33:07 [INF] info.go:26 | Failed to run cpu usage command: %sread tcp 10.60.218.243:62220->211.71.76.205:22: wsarecv: A connection attempt failed because the connected party did not properly respond after a period of time, or established connection failed because connected host has failed to respond.
2024-04-17 16:33:07 [INF] info.go:26 | Failed to run cpu usage command: %sread tcp 10.60.218.243:62220->211.71.76.205:22: wsarecv: A connection attempt failed because the connected party did not properly respond after a period of time, or established connection failed because connected host has failed to respond.
2024-04-17 16:33:07 [INF] info.go:26 | Failed to run cpu usage command: %sread tcp 10.60.218.243:62220->211.71.76.205:22: wsarecv: A connection attempt failed because the connected party did not properly respond after a period of time, or established connection failed because connected host has failed to respond.
2024-04-17 16:33:07 [INF] info.go:26 | Failed to run cpu usage command: %sread tcp 10.60.218.243:62220->211.71.76.205:22: wsarecv: A connection attempt failed because the connected party did not properly respond after a period of time, or established connection failed because connected host has failed to respond.
2024-04-17 16:33:07 [INF] info.go:26 | Failed to run cpu usage command: %sread tcp 10.60.218.243:62220->211.71.76.205:22: wsarecv: A connection attempt failed because the connected party did not properly respond after a period of time, or established connection failed because connected host has failed to respond.
2024-04-17 16:33:07 [INF] info.go:26 | Failed to run cpu usage command: %sread tcp 10.60.218.243:62220->211.71.76.205:22: wsarecv: A connection attempt failed because the connected party did not properly respond after a period of time, or established connection failed because connected host has failed to respond.
2024-04-17 16:33:07 [INF] info.go:26 | Failed to run cpu usage command: %sread tcp 10.60.218.243:62220->211.71.76.205:22: wsarecv: A connection attempt failed because the connected party did not properly respond after a period of time, or established connection failed because connected host has failed to respond.
2024-04-17 16:33:07 [INF] info.go:92 | Failed to run memory usage command: %sread tcp 10.60.218.243:62220->211.71.76.205:22: wsarecv: A connection attempt failed because the connected party did not properly respond after a period of time, or established connection failed because connected host has failed to respond.
2024-04-17 16:33:07 [INF] info.go:92 | Failed to run memory usage command: %sread tcp 10.60.218.243:62220->211.71.76.205:22: wsarecv: A connection attempt failed because the connected party did not properly respond after a period of time, or established connection failed because connected host has failed to respond.
2024-04-17 16:33:07 [INF] info.go:92 | Failed to run memory usage command: %sread tcp 10.60.218.243:62220->211.71.76.205:22: wsarecv: A connection attempt failed because the connected party did not properly respond after a period of time, or established connection failed because connected host has failed to respond.
2024-04-17 16:33:07 [INF] info.go:92 | Failed to run memory usage command: %sread tcp 10.60.218.243:62220->211.71.76.205:22: wsarecv: A connection attempt failed because the connected party did not properly respond after a period of time, or established connection failed because connected host has failed to respond.
2024-04-17 16:33:07 [INF] info.go:92 | Failed to run memory usage command: %sread tcp 10.60.218.243:62220->211.71.76.205:22: wsarecv: A connection attempt failed because the connected party did not properly respond after a period of time, or established connection failed because connected host has failed to respond.
2024-04-17 16:33:07 [INF] info.go:92 | Failed to run memory usage command: %sread tcp 10.60.218.243:62220->211.71.76.205:22: wsarecv: A connection attempt failed because the connected party did not properly respond after a period of time, or established connection failed because connected host has failed to respond.
2024-04-17 16:33:07 [INF] info.go:92 | Failed to run memory usage command: %sread tcp 10.60.218.243:62220->211.71.76.205:22: wsarecv: A connection attempt failed because the connected party did not properly respond after a period of time, or established connection failed because connected host has failed to respond.
2024-04-17 16:33:07 [INF] info.go:92 | Failed to run memory usage command: %sread tcp 10.60.218.243:62220->211.71.76.205:22: wsarecv: A connection attempt failed because the connected party did not properly respond after a period of time, or established connection failed because connected host has failed to respond.
2024-04-17 16:33:07 [INF] info.go:26 | Failed to run cpu usage command: %sread tcp 10.60.218.243:62220->211.71.76.205:22: wsarecv: A connection attempt failed because the connected party did not properly respond after a period of time, or established connection failed because connected host has failed to respond.
2024-04-17 16:33:07 [INF] info.go:92 | Failed to run memory usage command: %sread tcp 10.60.218.243:62220->211.71.76.205:22: wsarecv: A connection attempt failed because the connected party did not properly respond after a period of time, or established connection failed because connected host has failed to respond.
2024-04-17 16:33:09 [INF] info.go:26 | Failed to run cpu usage command: %sread tcp 10.60.218.243:62220->211.71.76.205:22: wsarecv: A connection attempt failed because the connected party did not properly respond after a period of time, or established connection failed because connected host has failed to respond.
2024-04-17 16:33:09 [INF] info.go:92 | Failed to run memory usage command: %sread tcp 10.60.218.243:62220->211.71.76.205:22: wsarecv: A connection attempt failed because the connected party did not properly respond after a period of time, or established connection failed because connected host has failed to respond.
2024-04-17 16:33:11 [INF] info.go:26 | Failed to run cpu usage command: %sread tcp 10.60.218.243:62220->211.71.76.205:22: wsarecv: A connection attempt failed because the connected party did not properly respond after a period of time, or established connection failed because connected host has failed to respond.
2024-04-17 16:33:11 [INF] info.go:92 | Failed to run memory usage command: %sread tcp 10.60.218.243:62220->211.71.76.205:22: wsarecv: A connection attempt failed because the connected party did not properly respond after a period of time, or established connection failed because connected host has failed to respond.
2024-04-17 16:33:13 [INF] info.go:26 | Failed to run cpu usage command: %sread tcp 10.60.218.243:62220->211.71.76.205:22: wsarecv: A connection attempt failed because the connected party did not properly respond after a period of time, or established connection failed because connected host has failed to respond.
2024-04-17 16:33:13 [INF] info.go:92 | Failed to run memory usage command: %sread tcp 10.60.218.243:62220->211.71.76.205:22: wsarecv: A connection attempt failed because the connected party did not properly respond after a period of time, or established connection failed because connected host has failed to respond.
2024-04-17 16:33:15 [INF] info.go:26 | Failed to run cpu usage command: %sread tcp 10.60.218.243:62220->211.71.76.205:22: wsarecv: A connection attempt failed because the connected party did not properly respond after a period of time, or established connection failed because connected host has failed to respond.
2024-04-17 16:33:15 [INF] info.go:92 | Failed to run memory usage command: %sread tcp 10.60.218.243:62220->211.71.76.205:22: wsarecv: A connection attempt failed because the connected party did not properly respond after a period of time, or established connection failed because connected host has failed to respond.
2024-04-17 16:33:17 [INF] info.go:26 | Failed to run cpu usage command: %sread tcp 10.60.218.243:62220->211.71.76.205:22: wsarecv: A connection attempt failed because the connected party did not properly respond after a period of time, or established connection failed because connected host has failed to respond.
2024-04-17 16:33:17 [INF] info.go:92 | Failed to run memory usage command: %sread tcp 10.60.218.243:62220->211.71.76.205:22: wsarecv: A connection attempt failed because the connected party did not properly respond after a period of time, or established connection failed because connected host has failed to respond.
2024-04-17 16:33:19 [INF] info.go:26 | Failed to run cpu usage command: %sread tcp 10.60.218.243:62220->211.71.76.205:22: wsarecv: A connection attempt failed because the connected party did not properly respond after a period of time, or established connection failed because connected host has failed to respond.
2024-04-17 16:33:19 [INF] info.go:92 | Failed to run memory usage command: %sread tcp 10.60.218.243:62220->211.71.76.205:22: wsarecv: A connection attempt failed because the connected party did not properly respond after a period of time, or established connection failed because connected host has failed to respond.
2024-04-17 16:33:21 [INF] info.go:26 | Failed to run cpu usage command: %sread tcp 10.60.218.243:62220->211.71.76.205:22: wsarecv: A connection attempt failed because the connected party did not properly respond after a period of time, or established connection failed because connected host has failed to respond.
2024-04-17 16:33:21 [INF] info.go:92 | Failed to run memory usage command: %sread tcp 10.60.218.243:62220->211.71.76.205:22: wsarecv: A connection attempt failed because the connected party did not properly respond after a period of time, or established connection failed because connected host has failed to respond.
2024-04-17 16:33:28 [INF] user.go:75 | 用户yinchenxu登录成功
2024-04-17 16:33:30 [INF] user.go:185 | 用户yinchenxu开始监测211.71.76.205服务器
2024-04-17 16:33:51 [INF] info.go:370 | data:{[] 100}
2024-04-17 16:34:29 [INF] config.go:52 | Begin Seelog
2024-04-17 16:34:29 [INF] config.go:88 | table users already exists
2024-04-17 16:34:29 [INF] config.go:95 | table userssh already exists
2024-04-17 16:34:38 [INF] user.go:75 | 用户yinchenxu登录成功
2024-04-17 16:34:40 [INF] user.go:185 | 用户yinchenxu开始监测211.71.76.205服务器
2024-04-17 16:35:00 [INF] info.go:370 | data:{[] <nil>}
2024-04-17 16:42:01 [INF] config.go:52 | Begin Seelog
2024-04-17 16:42:01 [INF] config.go:88 | table users already exists
2024-04-17 16:42:01 [INF] config.go:95 | table userssh already exists
2024-04-17 16:42:43 [INF] user.go:75 | 用户yinchenxu登录成功
2024-04-17 16:42:45 [INF] user.go:185 | 用户yinchenxu开始监测211.71.76.205服务器
2024-04-17 16:43:05 [INF] info.go:370 | data:{[] 0}
2024-04-17 16:45:41 [INF] config.go:52 | Begin Seelog
2024-04-17 16:45:41 [INF] config.go:88 | table users already exists
2024-04-17 16:45:41 [INF] config.go:95 | table userssh already exists
2024-04-17 16:45:53 [INF] user.go:75 | 用户yinchenxu登录成功
2024-04-17 16:45:54 [INF] user.go:185 | 用户yinchenxu开始监测211.71.76.205服务器
2024-04-17 16:47:35 [INF] info.go:370 | data:{[] 0}
2024-04-17 16:48:48 [INF] info.go:370 | data:{[] 0}
2024-04-17 16:48:48 [INF] info.go:370 | data:{[] 0}
2024-04-17 16:48:51 [INF] info.go:370 | data:{[] 0}
2024-04-17 16:48:52 [INF] info.go:370 | data:{[] 0}
2024-04-17 16:49:25 [INF] config.go:52 | Begin Seelog
2024-04-17 16:49:25 [INF] config.go:88 | table users already exists
2024-04-17 16:49:25 [INF] config.go:95 | table userssh already exists
2024-04-17 16:49:33 [INF] user.go:75 | 用户yinchenxu登录成功
2024-04-17 16:49:35 [INF] user.go:185 | 用户yinchenxu开始监测211.71.76.205服务器
2024-04-17 16:50:02 [INF] info.go:370 | data:{[] 100}
2024-04-17 16:54:55 [INF] config.go:52 | Begin Seelog
2024-04-17 16:54:55 [INF] config.go:88 | table users already exists
2024-04-17 16:54:55 [INF] config.go:95 | table userssh already exists
2024-04-17 16:56:21 [INF] info.go:370 | data:{[] 100}
2024-04-17 17:02:58 [INF] user.go:75 | 用户yinchenxu登录成功
2024-04-17 17:03:00 [INF] user.go:185 | 用户yinchenxu开始监测211.71.76.205服务器
2024-04-17 17:03:19 [INF] info.go:370 | data:{[15.87 15.86 15.87 15.87 15.86] 100}
2024-04-17 17:15:46 [INF] config.go:52 | Begin Seelog
2024-04-17 17:15:46 [INF] config.go:88 | table users already exists
2024-04-17 17:15:46 [INF] config.go:95 | table userssh already exists
2024-04-17 17:16:12 [INF] user.go:75 | 用户yinchenxu登录成功
2024-04-17 17:16:14 [INF] user.go:185 | 用户yinchenxu开始监测211.71.76.205服务器
2024-04-17 17:16:33 [INF] info.go:372 | data:[]
2024-04-17 17:17:00 [INF] info.go:372 | data:[]
2024-04-17 17:17:06 [INF] info.go:372 | data:[]
2024-04-17 17:18:04 [INF] config.go:52 | Begin Seelog
2024-04-17 17:18:04 [INF] config.go:88 | table users already exists
2024-04-17 17:18:04 [INF] config.go:95 | table userssh already exists
2024-04-17 17:18:13 [INF] user.go:75 | 用户yinchenxu登录成功
2024-04-17 17:18:15 [INF] user.go:185 | 用户yinchenxu开始监测211.71.76.205服务器
2024-04-17 17:18:33 [INF] info.go:371 | data:15.87
2024-04-17 17:20:20 [INF] info.go:371 | data:
2024-04-17 17:20:20 [INF] info.go:371 | data:
2024-04-17 17:20:21 [INF] info.go:371 | data:
2024-04-17 17:20:22 [INF] info.go:371 | data:
2024-04-17 17:20:39 [INF] config.go:52 | Begin Seelog
2024-04-17 17:20:39 [INF] config.go:88 | table users already exists
2024-04-17 17:20:39 [INF] config.go:95 | table userssh already exists
2024-04-17 17:20:49 [INF] user.go:75 | 用户yinchenxu登录成功
2024-04-17 17:20:51 [INF] user.go:185 | 用户yinchenxu开始监测211.71.76.205服务器
2024-04-17 17:21:10 [INF] info.go:375 | data:[15.88 15.88 15.88 15.87 15.88]
2024-04-17 17:23:22 [INF] config.go:52 | Begin Seelog
2024-04-17 17:23:22 [INF] config.go:88 | table users already exists
2024-04-17 17:23:22 [INF] config.go:95 | table userssh already exists
2024-04-17 17:23:49 [INF] user.go:75 | 用户yinchenxu登录成功
2024-04-17 17:23:51 [INF] user.go:185 | 用户yinchenxu开始监测211.71.76.205服务器
2024-04-17 17:26:58 [INF] config.go:52 | Begin Seelog
2024-04-17 17:26:58 [INF] config.go:88 | table users already exists
2024-04-17 17:26:58 [INF] config.go:95 | table userssh already exists
2024-04-17 17:27:06 [INF] user.go:75 | 用户yinchenxu登录成功
2024-04-17 17:27:08 [INF] user.go:185 | 用户yinchenxu开始监测211.71.76.205服务器
2024-04-17 17:27:35 [INF] info.go:375 | data:[15.89 15.88 15.88 15.88 15.89]
2024-04-17 17:27:35 [INF] info.go:400 | output:Received: [15.89 15.88 15.88 15.88 15.89]


2024-04-18 18:40:51 [INF] config.go:52 | Begin Seelog
2024-04-18 18:40:51 [INF] config.go:88 | table users already exists
2024-04-18 18:40:51 [INF] config.go:95 | table userssh already exists
2024-04-18 18:41:17 [INF] user.go:75 | 用户yinchenxu登录成功
2024-04-18 18:41:19 [INF] user.go:185 | 用户yinchenxu开始监测211.71.76.205服务器
2024-04-18 18:43:37 [INF] info.go:375 | data:[17.78 17.79 17.78 17.77 17.8 17.81 17.81 17.81 17.81 17.81 17.8 17.81 17.8 17.79 17.8 17.79 17.81 17.81 17.81 17.81 17.82 17.83 17.82 17.79 17.8 17.79 17.76 17.78 17.78 17.78 17.78 17.78 17.78 17.78 17.77 17.77 17.79 17.79 17.79 17.78 17.8 17.8 17.8]
2024-04-18 18:43:40 [INF] info.go:400 | output:
2024-04-18 18:51:17 [INF] info.go:375 | data:[]
2024-04-18 18:51:29 [INF] info.go:400 | output:
2024-04-18 18:53:24 [INF] info.go:375 | data:[]
2024-04-18 18:53:27 [INF] info.go:400 | output:
2024-04-18 18:55:18 [INF] user.go:75 | 用户yinchenxu登录成功
2024-04-18 18:55:20 [INF] user.go:185 | 用户yinchenxu开始监测211.71.76.205服务器
2024-04-18 18:55:24 [INF] info.go:375 | data:[]
2024-04-18 18:55:27 [INF] info.go:400 | output:
2024-04-18 18:57:26 [INF] info.go:375 | data:[17.78 17.79 17.78 17.77 17.8 17.81 17.81 17.81 17.81 17.81 17.8 17.81 17.8 17.79 17.8 17.79 17.81 17.81 17.81 17.81 17.82 17.83 17.82 17.79 17.8 17.79 17.76 17.78 17.78 17.78 17.78 17.78 17.78 17.78 17.77 17.77 17.79 17.79 17.79 17.78 17.8 17.8 17.8]
2024-04-18 18:57:29 [INF] info.go:400 | output:
2024-04-18 19:14:43 [INF] config.go:52 | Begin Seelog
2024-04-18 19:14:43 [INF] config.go:88 | table users already exists
2024-04-18 19:14:43 [INF] config.go:95 | table userssh already exists
2024-04-18 19:16:32 [INF] user.go:75 | 用户yinchenxu登录成功
2024-04-18 19:16:36 [INF] user.go:185 | 用户yinchenxu开始监测211.71.76.205服务器
2024-04-18 19:16:57 [INF] info.go:397 | output:
2024-04-18 19:29:00 [INF] config.go:52 | Begin Seelog
2024-04-18 19:29:00 [INF] config.go:88 | table users already exists
2024-04-18 19:29:00 [INF] config.go:95 | table userssh already exists
2024-04-18 19:30:51 [INF] user.go:75 | 用户yinchenxu登录成功
2024-04-18 19:30:53 [INF] user.go:185 | 用户yinchenxu开始监测211.71.76.205服务器
2024-04-18 19:40:50 [INF] config.go:52 | Begin Seelog
2024-04-18 19:40:50 [INF] config.go:88 | table users already exists
2024-04-18 19:40:50 [INF] config.go:95 | table userssh already exists
2024-04-18 19:41:03 [INF] user.go:75 | 用户yinchenxu登录成功
2024-04-18 19:41:05 [INF] user.go:185 | 用户yinchenxu开始监测211.71.76.205服务器
